-------------------------------------------------------------------------------
Test set: ed23_ud12_junit_GeneradorIp.GeneradorIpTest
-------------------------------------------------------------------------------
Tests run: 2, Failures: 1, Errors: 0, Skipped: 0, Time elapsed: 0.01 s <<< FAILURE! - in ed23_ud12_junit_GeneradorIp.GeneradorIpTest
testGeneraIp  Time elapsed: 0.007 s  <<< FAILURE!
org.opentest4j.AssertionFailedError: expected: <false> but was: <true>
	at ed23_ud12_junit_GeneradorIp.GeneradorIpTest.testGeneraIp(GeneradorIpTest.java:25)

