<?xml version="1.0" encoding="UTF-8"?>
<testsuite xmlns:xsi="http://www.w3.org/2001/XMLSchema-instance" xsi:noNamespaceSchemaLocation="https://maven.apache.org/surefire/maven-surefire-plugin/xsd/surefire-test-report.xsd" name="ed23_ud12_junit_GeneradorIp.GeneradorIpTest" time="0.01" tests="2" errors="0" skipped="0" failures="1">
  <properties>
[...]
</properties>
  <testcase name="testGeneraIp" classname="ed23_ud12_junit_GeneradorIp.GeneradorIpTest" time="0.007">
    <failure message="expected: &lt;false&gt; but was: &lt;true&gt;" type="org.opentest4j.AssertionFailedError"><![CDATA[org.opentest4j.AssertionFailedError: expected: <false> but was: <true>
	at ed23_ud12_junit_GeneradorIp.GeneradorIpTest.testGeneraIp(GeneradorIpTest.java:25)
]]></failure>
  </testcase>
  <testcase name="testGenerarNumero" classname="ed23_ud12_junit_GeneradorIp.GeneradorIpTest" time="0"/>
</testsuite>